<?xml version="1.0" encoding="UTF-8"?>
<!-- Generated by org.testng.reporters.JUnitReportReporter -->
<testsuite hostname="LAPTOP-LVQ6JQ2H" failures="0" tests="1" name="scripts.UserTest" time="46.409" errors="0" timestamp="2024-04-30T12:49:50 IST" skipped="0">
  <testcase classname="scripts.UserTest" name="test" time="46.409"/>
</testsuite> <!-- scripts.UserTest -->
